<?xml version="1.0" encoding="UTF-8"?>
<testsuite name="productStoryTests.PropuctStoreTests" tests="1" skipped="0" failures="0" errors="0" timestamp="2023-12-04T16:35:48" hostname="DESKTOP-TUHN984" time="2.639">
  <properties/>
  <testcase name="Открытие страници" classname="productStoryTests.PropuctStoreTests" time="2.639"/>
  <system-out><![CDATA[]]></system-out>
  <system-err><![CDATA[[Test worker] INFO com.codeborne.selenide.impl.WebDriverThreadLocalContainer - No webdriver is bound to current thread: 1 - let's create a new webdriver
[Test worker] INFO com.codeborne.selenide.impl.FileHelper - Creating folder: C:\Users\Luck\IdeaProjects\ProductStore\build\downloads\1701707749003_20980_1
дек. 04, 2023 7:35:50 PM org.openqa.selenium.devtools.CdpVersionFinder findNearestMatch
WARNING: Unable to find CDP implementation matching 116
дек. 04, 2023 7:35:50 PM org.openqa.selenium.chromium.ChromiumDriver lambda$new$5
WARNING: Unable to find version of CDP to use for 116.0.5845.96. You may need to include a dependency on a specific version of the CDP using something similar to `org.seleniumhq.selenium:selenium-devtools-v86:4.15.0` where the version ("v86") matches the version of the chromium-based browser you're using and the version number of the artifact is the same as Selenium's.
[Test worker] INFO com.codeborne.selenide.webdriver.WebDriverFactory - BrowserName=chrome Version=116.0.5845.96 Platform=windows
[Test worker] INFO com.codeborne.selenide.webdriver.WebDriverFactory - Selenide v. 7.0.2
[Test worker] INFO com.codeborne.selenide.webdriver.WebDriverFactory - Selenium WebDriver v. 4.15.0 build revision: 1d14b5521b
[Test worker] INFO com.codeborne.selenide.drivercommands.CreateDriverCommand - Created webdriver in thread 1: ChromeDriver -> ChromeDriver: chrome on windows (552dd2b86d847b99f61d3e1325e20f25), downloadsFolder: C:\Users\Luck\IdeaProjects\ProductStore\build\downloads\1701707749003_20980_1
[Test worker] INFO com.codeborne.selenide.drivercommands.DisposablesRegistry - Register WebDriverInstance[config=StaticConfig, webDriver=ChromeDriver: chrome on windows (552dd2b86d847b99f61d3e1325e20f25), proxy=null, downloadsFolder=C:\Users\Luck\IdeaProjects\ProductStore\build\downloads\1701707749003_20980_1] in 1 [size=1]
[Test worker] INFO com.codeborne.selenide.drivercommands.DisposablesRegistry - Add shutdown hook in 1 [size=1]
]]></system-err>
</testsuite>
